<?xml version="1.0" encoding="UTF-8"?>
<testng-results skipped="0" failed="0" ignored="0" total="1" passed="1">
  <reporter-output>
  </reporter-output>
  <suite name="Suite" duration-ms="285584" started-at="2020-03-11T17:19:44Z" finished-at="2020-03-11T17:24:29Z">
    <groups>
    </groups>
    <test name="Test" duration-ms="285584" started-at="2020-03-11T17:19:44Z" finished-at="2020-03-11T17:24:29Z">
      <class name="HowAreYou_Tests.HowAreYou_Quiz">
        <test-method status="PASS" signature="HowAreQuizTest()[pri:0, instance:HowAreYou_Tests.HowAreYou_Quiz@1e4cb85]" name="HowAreQuizTest" duration-ms="285551" started-at="2020-03-11T17:19:44Z" finished-at="2020-03-11T17:24:29Z">
          <reporter-output>
          </reporter-output>
        </test-method> <!-- HowAreQuizTest -->
      </class> <!-- HowAreYou_Tests.HowAreYou_Quiz -->
    </test> <!-- Test -->
  </suite> <!-- Suite -->
</testng-results>
