<?xml version="1.0" encoding="UTF-8"?>
<testng-results skipped="0" failed="0" ignored="0" total="1" passed="1">
  <reporter-output>
  </reporter-output>
  <suite name="Suite" duration-ms="50917" started-at="2020-03-07T16:38:19Z" finished-at="2020-03-07T16:39:10Z">
    <groups>
    </groups>
    <test name="Test" duration-ms="50917" started-at="2020-03-07T16:38:19Z" finished-at="2020-03-07T16:39:10Z">
      <class name="HowAreYou_Tests.HowAreYou_Quiz">
        <test-method status="PASS" signature="HowAreQuizTest()[pri:0, instance:HowAreYou_Tests.HowAreYou_Quiz@18ceff1]" name="HowAreQuizTest" duration-ms="50881" started-at="2020-03-07T16:38:19Z" finished-at="2020-03-07T16:39:10Z">
          <reporter-output>
          </reporter-output>
        </test-method> <!-- HowAreQuizTest -->
      </class> <!-- HowAreYou_Tests.HowAreYou_Quiz -->
    </test> <!-- Test -->
  </suite> <!-- Suite -->
</testng-results>
