<?xml version="1.0" encoding="UTF-8"?>
<testng-results skipped="0" failed="0" ignored="0" total="1" passed="1">
  <reporter-output>
  </reporter-output>
  <suite name="Default suite" duration-ms="260391" started-at="2020-03-13T15:55:07Z" finished-at="2020-03-13T15:59:27Z">
    <groups>
    </groups>
    <test name="Default test" duration-ms="260391" started-at="2020-03-13T15:55:07Z" finished-at="2020-03-13T15:59:27Z">
      <class name="HowAreYou_Tests.HowAreYou_Quiz">
        <test-method status="PASS" signature="HowAreQuizTest()[pri:0, instance:HowAreYou_Tests.HowAreYou_Quiz@d80b78]" name="HowAreQuizTest" duration-ms="260335" started-at="2020-03-13T15:55:07Z" finished-at="2020-03-13T15:59:27Z">
          <reporter-output>
          </reporter-output>
        </test-method> <!-- HowAreQuizTest -->
      </class> <!-- HowAreYou_Tests.HowAreYou_Quiz -->
    </test> <!-- Default test -->
  </suite> <!-- Default suite -->
</testng-results>
