<?xml version="1.0" encoding="UTF-8"?>
<!-- Generated by org.testng.reporters.JUnitReportReporter -->
<testsuite skipped="0" hostname="DELLG02BWX1" name="HowAreYou_Tests.HowAreYou_Quiz" tests="1" failures="0" timestamp="09 Mar 2020 16:22:36 GMT" time="17.674" errors="1">
  <testcase name="HowAreQuizTest" time="17.674" classname="HowAreYou_Tests.HowAreYou_Quiz">
    <error type="org.openqa.selenium.SessionNotCreatedException" message="session not created
from chrome not reachable
  (Session info: chrome=80.0.3987.132)
Build info: version: &#039;3.141.59&#039;, revision: &#039;e82be7d358&#039;, time: &#039;2018-11-14T08:17:03&#039;
System info: host: &#039;DELLG02BWX1&#039;, ip: &#039;192.168.10.226&#039;, os.name: &#039;Windows 10&#039;, os.arch: &#039;amd64&#039;, os.version: &#039;10.0&#039;, java.version: &#039;1.8.0_131&#039;
Driver info: driver.version: ChromeDriver
remote stacktrace: Backtrace:
	Ordinal0 [0x00950C83+1707139]
	Ordinal0 [0x008B68F1+1075441]
	Ordinal0 [0x0082DE72+515698]
	Ordinal0 [0x00827CA8+490664]
	Ordinal0 [0x0082839B+492443]
	Ordinal0 [0x008292F5+496373]
	Ordinal0 [0x00824F05+478981]
	Ordinal0 [0x0082ECA0+519328]
	Ordinal0 [0x007DCA67+182887]
	Ordinal0 [0x007DBDDD+179677]
	Ordinal0 [0x007D9D4B+171339]
	Ordinal0 [0x007C1D4A+73034]
	Ordinal0 [0x007C2DC0+77248]
	Ordinal0 [0x007C2D59+77145]
	Ordinal0 [0x008CBB67+1162087]
	GetHandleVerifier [0x009EA966+508998]
	GetHandleVerifier [0x009EA6A4+508292]
	GetHandleVerifier [0x009FF7B7+594583]
	GetHandleVerifier [0x009EB1D6+511158]
	Ordinal0 [0x008C402C+1130540]
	Ordinal0 [0x008CD4CB+1168587]
	Ordinal0 [0x008CD633+1168947]
	Ordinal0 [0x008E5B35+1268533]
	BaseThreadInitThunk [0x760F6359+25]
	RtlGetAppContainerNamedObjectPath [0x771A7B74+228]
	RtlGetAppContainerNamedObjectPath [0x771A7B44+180]
">
      <![CDATA[org.openqa.selenium.SessionNotCreatedException: session not created
from chrome not reachable
  (Session info: chrome=80.0.3987.132)
Build info: version: '3.141.59', revision: 'e82be7d358', time: '2018-11-14T08:17:03'
System info: host: 'DELLG02BWX1', ip: '192.168.10.226', os.name: 'Windows 10', os.arch: 'amd64', os.version: '10.0', java.version: '1.8.0_131'
Driver info: driver.version: ChromeDriver
remote stacktrace: Backtrace:
Ordinal0 [0x00950C83+1707139]
Ordinal0 [0x008B68F1+1075441]
Ordinal0 [0x0082DE72+515698]
Ordinal0 [0x00827CA8+490664]
Ordinal0 [0x0082839B+492443]
Ordinal0 [0x008292F5+496373]
Ordinal0 [0x00824F05+478981]
Ordinal0 [0x0082ECA0+519328]
Ordinal0 [0x007DCA67+182887]
Ordinal0 [0x007DBDDD+179677]
Ordinal0 [0x007D9D4B+171339]
Ordinal0 [0x007C1D4A+73034]
Ordinal0 [0x007C2DC0+77248]
Ordinal0 [0x007C2D59+77145]
Ordinal0 [0x008CBB67+1162087]
GetHandleVerifier [0x009EA966+508998]
GetHandleVerifier [0x009EA6A4+508292]
GetHandleVerifier [0x009FF7B7+594583]
GetHandleVerifier [0x009EB1D6+511158]
Ordinal0 [0x008C402C+1130540]
Ordinal0 [0x008CD4CB+1168587]
Ordinal0 [0x008CD633+1168947]
Ordinal0 [0x008E5B35+1268533]
BaseThreadInitThunk [0x760F6359+25]
RtlGetAppContainerNamedObjectPath [0x771A7B74+228]
RtlGetAppContainerNamedObjectPath [0x771A7B44+180]

at sun.reflect.NativeConstructorAccessorImpl.newInstance0(Native Method)
at sun.reflect.NativeConstructorAccessorImpl.newInstance(NativeConstructorAccessorImpl.java:62)
at sun.reflect.DelegatingConstructorAccessorImpl.newInstance(DelegatingConstructorAccessorImpl.java:45)
at java.lang.reflect.Constructor.newInstance(Constructor.java:423)
at org.openqa.selenium.remote.W3CHandshakeResponse.lambda$errorHandler$0(W3CHandshakeResponse.java:62)
at org.openqa.selenium.remote.HandshakeResponse.lambda$getResponseFunction$0(HandshakeResponse.java:30)
at org.openqa.selenium.remote.ProtocolHandshake.lambda$createSession$0(ProtocolHandshake.java:126)
at java.util.stream.ReferencePipeline$3$1.accept(ReferencePipeline.java:193)
at java.util.Spliterators$ArraySpliterator.tryAdvance(Spliterators.java:958)
at java.util.stream.ReferencePipeline.forEachWithCancel(ReferencePipeline.java:126)
at java.util.stream.AbstractPipeline.copyIntoWithCancel(AbstractPipeline.java:498)
at java.util.stream.AbstractPipeline.copyInto(AbstractPipeline.java:485)
at java.util.stream.AbstractPipeline.wrapAndCopyInto(AbstractPipeline.java:471)
at java.util.stream.FindOps$FindOp.evaluateSequential(FindOps.java:152)
at java.util.stream.AbstractPipeline.evaluate(AbstractPipeline.java:234)
at java.util.stream.ReferencePipeline.findFirst(ReferencePipeline.java:464)
at org.openqa.selenium.remote.ProtocolHandshake.createSession(ProtocolHandshake.java:128)
at org.openqa.selenium.remote.ProtocolHandshake.createSession(ProtocolHandshake.java:74)
at org.openqa.selenium.remote.HttpCommandExecutor.execute(HttpCommandExecutor.java:136)
at org.openqa.selenium.remote.service.DriverCommandExecutor.execute(DriverCommandExecutor.java:83)
at org.openqa.selenium.remote.RemoteWebDriver.execute(RemoteWebDriver.java:552)
at org.openqa.selenium.remote.RemoteWebDriver.startSession(RemoteWebDriver.java:213)
at org.openqa.selenium.remote.RemoteWebDriver.<init>(RemoteWebDriver.java:131)
at org.openqa.selenium.chrome.ChromeDriver.<init>(ChromeDriver.java:181)
at org.openqa.selenium.chrome.ChromeDriver.<init>(ChromeDriver.java:168)
at org.openqa.selenium.chrome.ChromeDriver.<init>(ChromeDriver.java:123)
at KeyMethods.MainMethods.Open_HowAreQuiz_website(MainMethods.java:78)
at HowAreYou_Tests.HowAreYou_Quiz.HowAreQuizTest(HowAreYou_Quiz.java:30)
at sun.reflect.NativeMethodAccessorImpl.invoke0(Native Method)
at sun.reflect.NativeMethodAccessorImpl.invoke(NativeMethodAccessorImpl.java:62)
at sun.reflect.DelegatingMethodAccessorImpl.invoke(DelegatingMethodAccessorImpl.java:43)
at java.lang.reflect.Method.invoke(Method.java:498)
at org.testng.internal.MethodInvocationHelper.invokeMethod(MethodInvocationHelper.java:124)
at org.testng.internal.Invoker.invokeMethod(Invoker.java:583)
at org.testng.internal.Invoker.invokeTestMethod(Invoker.java:719)
at org.testng.internal.Invoker.invokeTestMethods(Invoker.java:989)
at org.testng.internal.TestMethodWorker.invokeTestMethods(TestMethodWorker.java:125)
at org.testng.internal.TestMethodWorker.run(TestMethodWorker.java:109)
at org.testng.TestRunner.privateRun(TestRunner.java:648)
at org.testng.TestRunner.run(TestRunner.java:505)
at org.testng.SuiteRunner.runTest(SuiteRunner.java:455)
at org.testng.SuiteRunner.runSequentially(SuiteRunner.java:450)
at org.testng.SuiteRunner.privateRun(SuiteRunner.java:415)
at org.testng.SuiteRunner.run(SuiteRunner.java:364)
at org.testng.SuiteRunnerWorker.runSuite(SuiteRunnerWorker.java:52)
at org.testng.SuiteRunnerWorker.run(SuiteRunnerWorker.java:84)
at org.testng.TestNG.runSuitesSequentially(TestNG.java:1208)
at org.testng.TestNG.runSuitesLocally(TestNG.java:1137)
at org.testng.TestNG.runSuites(TestNG.java:1049)
at org.testng.TestNG.run(TestNG.java:1017)
at org.apache.maven.surefire.testng.TestNGExecutor.run(TestNGExecutor.java:295)
at org.apache.maven.surefire.testng.TestNGXmlTestSuite.execute(TestNGXmlTestSuite.java:84)
at org.apache.maven.surefire.testng.TestNGProvider.invoke(TestNGProvider.java:90)
at org.apache.maven.surefire.booter.ForkedBooter.invokeProviderInSameClassLoader(ForkedBooter.java:203)
at org.apache.maven.surefire.booter.ForkedBooter.runSuitesInProcess(ForkedBooter.java:155)
at org.apache.maven.surefire.booter.ForkedBooter.main(ForkedBooter.java:103)
]]>
    </error>
  </testcase> <!-- HowAreQuizTest -->
</testsuite> <!-- HowAreYou_Tests.HowAreYou_Quiz -->
